
*** Running vivado
    with args -log TopContador.vdi -applog -m64 -product Vivado -messageDb vivado.pb -mode batch -source TopContador.tcl -notrace



****** Vivado v2020.2 (64-bit)
  **** SW Build 3064766 on Wed Nov 18 09:12:45 MST 2020
  **** IP Build 3064653 on Wed Nov 18 14:17:31 MST 2020
    ** Copyright 1986-2020 Xilinx, Inc. All Rights Reserved.

source TopContador.tcl -notrace
Command: link_design -top TopContador -part xc7a35tcpg236-1
Design is defaulting to srcset: sources_1
Design is defaulting to constrset: constrs_1
INFO: [Device 21-403] Loading part xc7a35tcpg236-1
Netlist sorting complete. Time (s): cpu = 00:00:00 ; elapsed = 00:00:00.003 . Memory (MB): peak = 999.434 ; gain = 0.000
INFO: [Netlist 29-17] Analyzing 24 Unisim elements for replacement
INFO: [Netlist 29-28] Unisim Transformation completed in 0 CPU seconds
INFO: [Project 1-479] Netlist was created with Vivado 2020.2
INFO: [Project 1-570] Preparing netlist for logic optimization
Parsing XDC File [C:/Users/fbadi/OneDrive/Documents/taller_digital/lab5-grupo_04_2021_s2_lab5/Pruebas/contador/cnstr_contador.xdc]
Finished Parsing XDC File [C:/Users/fbadi/OneDrive/Documents/taller_digital/lab5-grupo_04_2021_s2_lab5/Pruebas/contador/cnstr_contador.xdc]
INFO: [Opt 31-138] Pushed 0 inverter(s) to 0 load pin(s).
Netlist sorting complete. Time (s): cpu = 00:00:00 ; elapsed = 00:00:00 . Memory (MB): peak = 999.434 ; gain = 0.000
INFO: [Project 1-111] Unisim Transformation Summary:
No Unisim elements were transformed.

7 Infos, 0 Warnings, 0 Critical Warnings and 0 Errors encountered.
link_design completed successfully
link_design: Time (s): cpu = 00:00:06 ; elapsed = 00:00:07 . Memory (MB): peak = 999.434 ; gain = 0.000
Command: opt_design
Attempting to get a license for feature 'Implementation' and/or device 'xc7a35t'
INFO: [Common 17-349] Got license for feature 'Implementation' and/or device 'xc7a35t'
Running DRC as a precondition to command opt_design

Starting DRC Task
INFO: [DRC 23-27] Running DRC with 2 threads
INFO: [Project 1-461] DRC finished with 0 Errors
INFO: [Project 1-462] Please refer to the DRC report (report_drc) for more information.

Time (s): cpu = 00:00:02 ; elapsed = 00:00:00.899 . Memory (MB): peak = 999.434 ; gain = 0.000

Starting Cache Timing Information Task
INFO: [Timing 38-35] Done setting XDC timing constraints.
Ending Cache Timing Information Task | Checksum: 16c4507cc

Time (s): cpu = 00:00:07 ; elapsed = 00:00:07 . Memory (MB): peak = 1245.184 ; gain = 245.750

Starting Logic Optimization Task

Phase 1 Retarget
INFO: [Opt 31-138] Pushed 1 inverter(s) to 25 load pin(s).
INFO: [Opt 31-49] Retargeted 0 cell(s).
Phase 1 Retarget | Checksum: 14365db0b

Time (s): cpu = 00:00:00 ; elapsed = 00:00:00.022 . Memory (MB): peak = 1454.188 ; gain = 0.000
INFO: [Opt 31-389] Phase Retarget created 0 cells and removed 24 cells

Phase 2 Constant propagation
INFO: [Opt 31-138] Pushed 0 inverter(s) to 0 load pin(s).
Phase 2 Constant propagation | Checksum: b43e7b83

Time (s): cpu = 00:00:00 ; elapsed = 00:00:00.027 . Memory (MB): peak = 1454.188 ; gain = 0.000
INFO: [Opt 31-389] Phase Constant propagation created 1 cells and removed 24 cells

Phase 3 Sweep
Phase 3 Sweep | Checksum: 12524163a

Time (s): cpu = 00:00:00 ; elapsed = 00:00:00.031 . Memory (MB): peak = 1454.188 ; gain = 0.000
INFO: [Opt 31-389] Phase Sweep created 0 cells and removed 0 cells

Phase 4 BUFG optimization
Phase 4 BUFG optimization | Checksum: 12524163a

Time (s): cpu = 00:00:00 ; elapsed = 00:00:00.037 . Memory (MB): peak = 1454.188 ; gain = 0.000
INFO: [Opt 31-662] Phase BUFG optimization created 0 cells of which 0 are BUFGs and removed 0 cells.

Phase 5 Shift Register Optimization
INFO: [Opt 31-1064] SRL Remap converted 0 SRLs to 0 registers and converted 0 registers of register chains to 0 SRLs
Phase 5 Shift Register Optimization | Checksum: 12524163a

Time (s): cpu = 00:00:00 ; elapsed = 00:00:00.038 . Memory (MB): peak = 1454.188 ; gain = 0.000
INFO: [Opt 31-389] Phase Shift Register Optimization created 0 cells and removed 0 cells

Phase 6 Post Processing Netlist
Phase 6 Post Processing Netlist | Checksum: 12524163a

Time (s): cpu = 00:00:00 ; elapsed = 00:00:00.039 . Memory (MB): peak = 1454.188 ; gain = 0.000
INFO: [Opt 31-389] Phase Post Processing Netlist created 0 cells and removed 0 cells
Opt_design Change Summary
=========================


-------------------------------------------------------------------------------------------------------------------------
|  Phase                        |  #Cells created  |  #Cells Removed  |  #Constrained objects preventing optimizations  |
-------------------------------------------------------------------------------------------------------------------------
|  Retarget                     |               0  |              24  |                                              0  |
|  Constant propagation         |               1  |              24  |                                              0  |
|  Sweep                        |               0  |               0  |                                              0  |
|  BUFG optimization            |               0  |               0  |                                              0  |
|  Shift Register Optimization  |               0  |               0  |                                              0  |
|  Post Processing Netlist      |               0  |               0  |                                              0  |
-------------------------------------------------------------------------------------------------------------------------



Starting Connectivity Check Task

Time (s): cpu = 00:00:00 ; elapsed = 00:00:00 . Memory (MB): peak = 1454.188 ; gain = 0.000
Ending Logic Optimization Task | Checksum: d2c7d6a7

Time (s): cpu = 00:00:00 ; elapsed = 00:00:00.058 . Memory (MB): peak = 1454.188 ; gain = 0.000

Starting Power Optimization Task
INFO: [Pwropt 34-132] Skipping clock gating for clocks with a period < 2.00 ns.
Ending Power Optimization Task | Checksum: d2c7d6a7

Time (s): cpu = 00:00:00 ; elapsed = 00:00:00.007 . Memory (MB): peak = 1454.188 ; gain = 0.000

Starting Final Cleanup Task
Ending Final Cleanup Task | Checksum: d2c7d6a7

Time (s): cpu = 00:00:00 ; elapsed = 00:00:00 . Memory (MB): peak = 1454.188 ; gain = 0.000

Starting Netlist Obfuscation Task
Netlist sorting complete. Time (s): cpu = 00:00:00 ; elapsed = 00:00:00 . Memory (MB): peak = 1454.188 ; gain = 0.000
Ending Netlist Obfuscation Task | Checksum: d2c7d6a7

Time (s): cpu = 00:00:00 ; elapsed = 00:00:00 . Memory (MB): peak = 1454.188 ; gain = 0.000
INFO: [Common 17-83] Releasing license: Implementation
24 Infos, 0 Warnings, 0 Critical Warnings and 0 Errors encountered.
opt_design completed successfully
opt_design: Time (s): cpu = 00:00:11 ; elapsed = 00:00:10 . Memory (MB): peak = 1454.188 ; gain = 454.754
INFO: [Timing 38-480] Writing timing data to binary archive.
Writing placer database...
Writing XDEF routing.
Writing XDEF routing logical nets.
Writing XDEF routing special nets.
Write XDEF Complete: Time (s): cpu = 00:00:00 ; elapsed = 00:00:00.031 . Memory (MB): peak = 1454.188 ; gain = 0.000
INFO: [Common 17-1381] The checkpoint 'C:/Users/fbadi/OneDrive/Documents/taller_digital/lab5-grupo_04_2021_s2_lab5/Pruebas/contador/prueba_contador/prueba_contador.runs/impl_1/TopContador_opt.dcp' has been generated.
INFO: [runtcl-4] Executing : report_drc -file TopContador_drc_opted.rpt -pb TopContador_drc_opted.pb -rpx TopContador_drc_opted.rpx
Command: report_drc -file TopContador_drc_opted.rpt -pb TopContador_drc_opted.pb -rpx TopContador_drc_opted.rpx
INFO: [IP_Flow 19-234] Refreshing IP repositories
INFO: [IP_Flow 19-1704] No user IP repositories specified
INFO: [IP_Flow 19-2313] Loaded Vivado IP repository 'C:/Xilinx/Vivado/2020.2/data/ip'.
INFO: [Timing 38-35] Done setting XDC timing constraints.
INFO: [DRC 23-27] Running DRC with 2 threads
INFO: [Coretcl 2-168] The results of DRC are in file C:/Users/fbadi/OneDrive/Documents/taller_digital/lab5-grupo_04_2021_s2_lab5/Pruebas/contador/prueba_contador/prueba_contador.runs/impl_1/TopContador_drc_opted.rpt.
report_drc completed successfully
Command: place_design
Attempting to get a license for feature 'Implementation' and/or device 'xc7a35t'
INFO: [Common 17-349] Got license for feature 'Implementation' and/or device 'xc7a35t'
INFO: [DRC 23-27] Running DRC with 2 threads
INFO: [Vivado_Tcl 4-198] DRC finished with 0 Errors
INFO: [Vivado_Tcl 4-199] Please refer to the DRC report (report_drc) for more information.
Running DRC as a precondition to command place_design
INFO: [DRC 23-27] Running DRC with 2 threads
INFO: [Vivado_Tcl 4-198] DRC finished with 0 Errors
INFO: [Vivado_Tcl 4-199] Please refer to the DRC report (report_drc) for more information.

Starting Placer Task
INFO: [Place 30-611] Multithreading enabled for place_design using a maximum of 2 CPUs

Phase 1 Placer Initialization

Phase 1.1 Placer Initialization Netlist Sorting
Netlist sorting complete. Time (s): cpu = 00:00:00 ; elapsed = 00:00:00 . Memory (MB): peak = 1497.297 ; gain = 0.000
Phase 1.1 Placer Initialization Netlist Sorting | Checksum: 91455d90

Time (s): cpu = 00:00:00 ; elapsed = 00:00:00.004 . Memory (MB): peak = 1497.297 ; gain = 0.000
Netlist sorting complete. Time (s): cpu = 00:00:00 ; elapsed = 00:00:00 . Memory (MB): peak = 1497.297 ; gain = 0.000

Phase 1.2 IO Placement/ Clock Placement/ Build Placer Device
Phase 1.2 IO Placement/ Clock Placement/ Build Placer Device | Checksum: 7db590ab

Time (s): cpu = 00:00:00 ; elapsed = 00:00:00.257 . Memory (MB): peak = 1497.297 ; gain = 0.000

Phase 1.3 Build Placer Netlist Model
Phase 1.3 Build Placer Netlist Model | Checksum: 127702c44

Time (s): cpu = 00:00:00 ; elapsed = 00:00:00.346 . Memory (MB): peak = 1497.297 ; gain = 0.000

Phase 1.4 Constrain Clocks/Macros
Phase 1.4 Constrain Clocks/Macros | Checksum: 127702c44

Time (s): cpu = 00:00:00 ; elapsed = 00:00:00.348 . Memory (MB): peak = 1497.297 ; gain = 0.000
Phase 1 Placer Initialization | Checksum: 127702c44

Time (s): cpu = 00:00:00 ; elapsed = 00:00:00.349 . Memory (MB): peak = 1497.297 ; gain = 0.000

Phase 2 Global Placement

Phase 2.1 Floorplanning
Phase 2.1 Floorplanning | Checksum: 84c41466

Time (s): cpu = 00:00:00 ; elapsed = 00:00:00.426 . Memory (MB): peak = 1497.297 ; gain = 0.000

Phase 2.2 Update Timing before SLR Path Opt
Phase 2.2 Update Timing before SLR Path Opt | Checksum: 14d7279b3

Time (s): cpu = 00:00:00 ; elapsed = 00:00:00.465 . Memory (MB): peak = 1497.297 ; gain = 0.000

Phase 2.3 Global Placement Core

Phase 2.3.1 Physical Synthesis In Placer
INFO: [Physopt 32-1035] Found 0 LUTNM shape to break, 2 LUT instances to create LUTNM shape
INFO: [Physopt 32-1044] Break lutnm for timing: one critical 0, two critical 0, total 0, new lutff created 0
INFO: [Physopt 32-775] End 1 Pass. Optimized 1 net or cell. Created 0 new cell, deleted 1 existing cell and moved 0 existing cell
INFO: [Physopt 32-65] No nets found for high-fanout optimization.
INFO: [Physopt 32-232] Optimized 0 net. Created 0 new instance.
INFO: [Physopt 32-775] End 1 Pass. Optimized 0 net or cell. Created 0 new cell, deleted 0 existing cell and moved 0 existing cell
INFO: [Physopt 32-670] No setup violation found.  DSP Register Optimization was not performed.
INFO: [Physopt 32-670] No setup violation found.  Shift Register to Pipeline Optimization was not performed.
INFO: [Physopt 32-670] No setup violation found.  Shift Register Optimization was not performed.
INFO: [Physopt 32-670] No setup violation found.  BRAM Register Optimization was not performed.
INFO: [Physopt 32-670] No setup violation found.  URAM Register Optimization was not performed.
INFO: [Physopt 32-949] No candidate nets found for dynamic/static region interface net replication
INFO: [Physopt 32-775] End 1 Pass. Optimized 0 net or cell. Created 0 new cell, deleted 0 existing cell and moved 0 existing cell
Netlist sorting complete. Time (s): cpu = 00:00:00 ; elapsed = 00:00:00 . Memory (MB): peak = 1497.297 ; gain = 0.000

Summary of Physical Synthesis Optimizations
============================================


-----------------------------------------------------------------------------------------------------------------------------------------------------------
|  Optimization                                     |  Added Cells  |  Removed Cells  |  Optimized Cells/Nets  |  Dont Touch  |  Iterations  |  Elapsed   |
-----------------------------------------------------------------------------------------------------------------------------------------------------------
|  LUT Combining                                    |            0  |              1  |                     1  |           0  |           1  |  00:00:00  |
|  Very High Fanout                                 |            0  |              0  |                     0  |           0  |           1  |  00:00:00  |
|  DSP Register                                     |            0  |              0  |                     0  |           0  |           0  |  00:00:00  |
|  Shift Register to Pipeline                       |            0  |              0  |                     0  |           0  |           0  |  00:00:00  |
|  Shift Register                                   |            0  |              0  |                     0  |           0  |           0  |  00:00:00  |
|  BRAM Register                                    |            0  |              0  |                     0  |           0  |           0  |  00:00:00  |
|  URAM Register                                    |            0  |              0  |                     0  |           0  |           0  |  00:00:00  |
|  Dynamic/Static Region Interface Net Replication  |            0  |              0  |                     0  |           0  |           1  |  00:00:00  |
|  Total                                            |            0  |              1  |                     1  |           0  |           3  |  00:00:00  |
-----------------------------------------------------------------------------------------------------------------------------------------------------------


Phase 2.3.1 Physical Synthesis In Placer | Checksum: 137d21fa0

Time (s): cpu = 00:00:01 ; elapsed = 00:00:01 . Memory (MB): peak = 1497.297 ; gain = 0.000
Phase 2.3 Global Placement Core | Checksum: 162b35797

Time (s): cpu = 00:00:01 ; elapsed = 00:00:01 . Memory (MB): peak = 1497.297 ; gain = 0.000
Phase 2 Global Placement | Checksum: 162b35797

Time (s): cpu = 00:00:01 ; elapsed = 00:00:01 . Memory (MB): peak = 1497.297 ; gain = 0.000

Phase 3 Detail Placement

Phase 3.1 Commit Multi Column Macros
Phase 3.1 Commit Multi Column Macros | Checksum: 107c82bf0

Time (s): cpu = 00:00:01 ; elapsed = 00:00:01 . Memory (MB): peak = 1497.297 ; gain = 0.000

Phase 3.2 Commit Most Macros & LUTRAMs
Phase 3.2 Commit Most Macros & LUTRAMs | Checksum: 164d642cb

Time (s): cpu = 00:00:01 ; elapsed = 00:00:01 . Memory (MB): peak = 1497.297 ; gain = 0.000

Phase 3.3 Area Swap Optimization
Phase 3.3 Area Swap Optimization | Checksum: 1154af56b

Time (s): cpu = 00:00:01 ; elapsed = 00:00:01 . Memory (MB): peak = 1497.297 ; gain = 0.000

Phase 3.4 Pipeline Register Optimization
Phase 3.4 Pipeline Register Optimization | Checksum: 11ebd15fd

Time (s): cpu = 00:00:02 ; elapsed = 00:00:01 . Memory (MB): peak = 1497.297 ; gain = 0.000

Phase 3.5 Small Shape Detail Placement
Phase 3.5 Small Shape Detail Placement | Checksum: 171139147

Time (s): cpu = 00:00:02 ; elapsed = 00:00:01 . Memory (MB): peak = 1497.297 ; gain = 0.000

Phase 3.6 Re-assign LUT pins
Phase 3.6 Re-assign LUT pins | Checksum: 134dbf446

Time (s): cpu = 00:00:02 ; elapsed = 00:00:01 . Memory (MB): peak = 1497.297 ; gain = 0.000

Phase 3.7 Pipeline Register Optimization
Phase 3.7 Pipeline Register Optimization | Checksum: 137291494

Time (s): cpu = 00:00:02 ; elapsed = 00:00:01 . Memory (MB): peak = 1497.297 ; gain = 0.000
Phase 3 Detail Placement | Checksum: 137291494

Time (s): cpu = 00:00:02 ; elapsed = 00:00:01 . Memory (MB): peak = 1497.297 ; gain = 0.000

Phase 4 Post Placement Optimization and Clean-Up

Phase 4.1 Post Commit Optimization
INFO: [Timing 38-35] Done setting XDC timing constraints.

Phase 4.1.1 Post Placement Optimization
Post Placement Optimization Initialization | Checksum: 1a0c8b4d5

Phase 4.1.1.1 BUFG Insertion

Starting Physical Synthesis Task

Phase 1 Physical Synthesis Initialization
INFO: [Physopt 32-721] Multithreading enabled for phys_opt_design using a maximum of 2 CPUs
INFO: [Physopt 32-619] Estimated Timing Summary | WNS=4.451 | TNS=0.000 |
Phase 1 Physical Synthesis Initialization | Checksum: 159c92541

Time (s): cpu = 00:00:00 ; elapsed = 00:00:00.015 . Memory (MB): peak = 1497.297 ; gain = 0.000
INFO: [Place 46-56] BUFG insertion identified 0 candidate nets. Inserted BUFG: 0, Replicated BUFG Driver: 0, Skipped due to Placement/Routing Conflicts: 0, Skipped due to Timing Degradation: 0, Skipped due to Illegal Netlist: 0.
Ending Physical Synthesis Task | Checksum: 14c329e67

Time (s): cpu = 00:00:00 ; elapsed = 00:00:00.016 . Memory (MB): peak = 1497.297 ; gain = 0.000
Phase 4.1.1.1 BUFG Insertion | Checksum: 1a0c8b4d5

Time (s): cpu = 00:00:02 ; elapsed = 00:00:01 . Memory (MB): peak = 1497.297 ; gain = 0.000
INFO: [Place 30-746] Post Placement Timing Summary WNS=4.451. For the most accurate timing information please run report_timing.

Time (s): cpu = 00:00:02 ; elapsed = 00:00:01 . Memory (MB): peak = 1497.297 ; gain = 0.000
Phase 4.1 Post Commit Optimization | Checksum: 1d6dafd3f

Time (s): cpu = 00:00:02 ; elapsed = 00:00:01 . Memory (MB): peak = 1497.297 ; gain = 0.000

Phase 4.2 Post Placement Cleanup
Phase 4.2 Post Placement Cleanup | Checksum: 1d6dafd3f

Time (s): cpu = 00:00:02 ; elapsed = 00:00:01 . Memory (MB): peak = 1497.297 ; gain = 0.000

Phase 4.3 Placer Reporting

Phase 4.3.1 Print Estimated Congestion
INFO: [Place 30-612] Post-Placement Estimated Congestion 
 ____________________________________________________
|           | Global Congestion | Short Congestion  |
| Direction | Region Size       | Region Size       |
|___________|___________________|___________________|
|      North|                1x1|                1x1|
|___________|___________________|___________________|
|      South|                1x1|                1x1|
|___________|___________________|___________________|
|       East|                1x1|                1x1|
|___________|___________________|___________________|
|       West|                1x1|                1x1|
|___________|___________________|___________________|

Phase 4.3.1 Print Estimated Congestion | Checksum: 1d6dafd3f

Time (s): cpu = 00:00:02 ; elapsed = 00:00:01 . Memory (MB): peak = 1497.297 ; gain = 0.000
Phase 4.3 Placer Reporting | Checksum: 1d6dafd3f

Time (s): cpu = 00:00:02 ; elapsed = 00:00:01 . Memory (MB): peak = 1497.297 ; gain = 0.000

Phase 4.4 Final Placement Cleanup
Netlist sorting complete. Time (s): cpu = 00:00:00 ; elapsed = 00:00:00 . Memory (MB): peak = 1497.297 ; gain = 0.000

Time (s): cpu = 00:00:02 ; elapsed = 00:00:01 . Memory (MB): peak = 1497.297 ; gain = 0.000
Phase 4 Post Placement Optimization and Clean-Up | Checksum: 1e48738cb

Time (s): cpu = 00:00:02 ; elapsed = 00:00:01 . Memory (MB): peak = 1497.297 ; gain = 0.000
Ending Placer Task | Checksum: 1185c60dc

Time (s): cpu = 00:00:02 ; elapsed = 00:00:01 . Memory (MB): peak = 1497.297 ; gain = 0.000
INFO: [Common 17-83] Releasing license: Implementation
61 Infos, 0 Warnings, 0 Critical Warnings and 0 Errors encountered.
place_design completed successfully
INFO: [Timing 38-480] Writing timing data to binary archive.
Writing placer database...
Writing XDEF routing.
Writing XDEF routing logical nets.
Writing XDEF routing special nets.
Write XDEF Complete: Time (s): cpu = 00:00:00 ; elapsed = 00:00:00.045 . Memory (MB): peak = 1497.297 ; gain = 0.000
INFO: [Common 17-1381] The checkpoint 'C:/Users/fbadi/OneDrive/Documents/taller_digital/lab5-grupo_04_2021_s2_lab5/Pruebas/contador/prueba_contador/prueba_contador.runs/impl_1/TopContador_placed.dcp' has been generated.
INFO: [runtcl-4] Executing : report_io -file TopContador_io_placed.rpt
report_io: Time (s): cpu = 00:00:00 ; elapsed = 00:00:00.033 . Memory (MB): peak = 1497.297 ; gain = 0.000
INFO: [runtcl-4] Executing : report_utilization -file TopContador_utilization_placed.rpt -pb TopContador_utilization_placed.pb
INFO: [runtcl-4] Executing : report_control_sets -verbose -file TopContador_control_sets_placed.rpt
report_control_sets: Time (s): cpu = 00:00:00 ; elapsed = 00:00:00.002 . Memory (MB): peak = 1497.297 ; gain = 0.000
Command: phys_opt_design
Attempting to get a license for feature 'Implementation' and/or device 'xc7a35t'
INFO: [Common 17-349] Got license for feature 'Implementation' and/or device 'xc7a35t'
INFO: [Vivado_Tcl 4-383] Design worst setup slack (WNS) is greater than or equal to 0.000 ns. Skipping all physical synthesis optimizations.
INFO: [Vivado_Tcl 4-232] No setup violation found. The netlist was not modified.
INFO: [Common 17-83] Releasing license: Implementation
70 Infos, 0 Warnings, 0 Critical Warnings and 0 Errors encountered.
phys_opt_design completed successfully
INFO: [Timing 38-480] Writing timing data to binary archive.
Writing placer database...
Writing XDEF routing.
Writing XDEF routing logical nets.
Writing XDEF routing special nets.
Write XDEF Complete: Time (s): cpu = 00:00:00 ; elapsed = 00:00:00.042 . Memory (MB): peak = 1497.742 ; gain = 0.445
INFO: [Common 17-1381] The checkpoint 'C:/Users/fbadi/OneDrive/Documents/taller_digital/lab5-grupo_04_2021_s2_lab5/Pruebas/contador/prueba_contador/prueba_contador.runs/impl_1/TopContador_physopt.dcp' has been generated.
Command: route_design
Attempting to get a license for feature 'Implementation' and/or device 'xc7a35t'
INFO: [Common 17-349] Got license for feature 'Implementation' and/or device 'xc7a35t'
Running DRC as a precondition to command route_design
INFO: [DRC 23-27] Running DRC with 2 threads
INFO: [Vivado_Tcl 4-198] DRC finished with 0 Errors
INFO: [Vivado_Tcl 4-199] Please refer to the DRC report (report_drc) for more information.


Starting Routing Task
INFO: [Route 35-254] Multithreading enabled for route_design using a maximum of 2 CPUs
Checksum: PlaceDB: 888208ab ConstDB: 0 ShapeSum: 8fda5831 RouteDB: 0

Phase 1 Build RT Design
Phase 1 Build RT Design | Checksum: eb5aa398

Time (s): cpu = 00:00:17 ; elapsed = 00:00:15 . Memory (MB): peak = 1587.730 ; gain = 78.977
Post Restoration Checksum: NetGraph: c17a5cab NumContArr: 29e046ed Constraints: 0 Timing: 0

Phase 2 Router Initialization

Phase 2.1 Create Timer
Phase 2.1 Create Timer | Checksum: eb5aa398

Time (s): cpu = 00:00:17 ; elapsed = 00:00:15 . Memory (MB): peak = 1587.730 ; gain = 78.977

Phase 2.2 Fix Topology Constraints
Phase 2.2 Fix Topology Constraints | Checksum: eb5aa398

Time (s): cpu = 00:00:17 ; elapsed = 00:00:15 . Memory (MB): peak = 1593.734 ; gain = 84.980

Phase 2.3 Pre Route Cleanup
Phase 2.3 Pre Route Cleanup | Checksum: eb5aa398

Time (s): cpu = 00:00:17 ; elapsed = 00:00:15 . Memory (MB): peak = 1593.734 ; gain = 84.980
 Number of Nodes with overlaps = 0

Phase 2.4 Update Timing
Phase 2.4 Update Timing | Checksum: 156476968

Time (s): cpu = 00:00:17 ; elapsed = 00:00:15 . Memory (MB): peak = 1598.352 ; gain = 89.598
INFO: [Route 35-416] Intermediate Timing Summary | WNS=4.468  | TNS=0.000  | WHS=-0.116 | THS=-0.483 |

Phase 2 Router Initialization | Checksum: 1fef0146b

Time (s): cpu = 00:00:17 ; elapsed = 00:00:15 . Memory (MB): peak = 1598.352 ; gain = 89.598

Router Utilization Summary
  Global Vertical Routing Utilization    = 0 %
  Global Horizontal Routing Utilization  = 0 %
  Routable Net Status*
  *Does not include unroutable nets such as driverless and loadless.
  Run report_route_status for detailed report.
  Number of Failed Nets               = 132
    (Failed Nets is the sum of unrouted and partially routed nets)
  Number of Unrouted Nets             = 132
  Number of Partially Routed Nets     = 0
  Number of Node Overlaps             = 0


Phase 3 Initial Routing

Phase 3.1 Global Routing
Phase 3.1 Global Routing | Checksum: 1fef0146b

Time (s): cpu = 00:00:17 ; elapsed = 00:00:15 . Memory (MB): peak = 1600.203 ; gain = 91.449
Phase 3 Initial Routing | Checksum: 26d138613

Time (s): cpu = 00:00:17 ; elapsed = 00:00:15 . Memory (MB): peak = 1600.203 ; gain = 91.449

Phase 4 Rip-up And Reroute

Phase 4.1 Global Iteration 0
 Number of Nodes with overlaps = 3
 Number of Nodes with overlaps = 0
INFO: [Route 35-416] Intermediate Timing Summary | WNS=3.876  | TNS=0.000  | WHS=N/A    | THS=N/A    |

Phase 4.1 Global Iteration 0 | Checksum: 111b42709

Time (s): cpu = 00:00:17 ; elapsed = 00:00:15 . Memory (MB): peak = 1600.203 ; gain = 91.449
Phase 4 Rip-up And Reroute | Checksum: 111b42709

Time (s): cpu = 00:00:17 ; elapsed = 00:00:15 . Memory (MB): peak = 1600.203 ; gain = 91.449

Phase 5 Delay and Skew Optimization

Phase 5.1 Delay CleanUp
Phase 5.1 Delay CleanUp | Checksum: 111b42709

Time (s): cpu = 00:00:17 ; elapsed = 00:00:15 . Memory (MB): peak = 1600.203 ; gain = 91.449

Phase 5.2 Clock Skew Optimization
Phase 5.2 Clock Skew Optimization | Checksum: 111b42709

Time (s): cpu = 00:00:17 ; elapsed = 00:00:15 . Memory (MB): peak = 1600.203 ; gain = 91.449
Phase 5 Delay and Skew Optimization | Checksum: 111b42709

Time (s): cpu = 00:00:17 ; elapsed = 00:00:15 . Memory (MB): peak = 1600.203 ; gain = 91.449

Phase 6 Post Hold Fix

Phase 6.1 Hold Fix Iter

Phase 6.1.1 Update Timing
Phase 6.1.1 Update Timing | Checksum: 126aceecd

Time (s): cpu = 00:00:17 ; elapsed = 00:00:15 . Memory (MB): peak = 1600.203 ; gain = 91.449
INFO: [Route 35-416] Intermediate Timing Summary | WNS=3.955  | TNS=0.000  | WHS=0.192  | THS=0.000  |

Phase 6.1 Hold Fix Iter | Checksum: 126aceecd

Time (s): cpu = 00:00:17 ; elapsed = 00:00:15 . Memory (MB): peak = 1600.203 ; gain = 91.449
Phase 6 Post Hold Fix | Checksum: 126aceecd

Time (s): cpu = 00:00:17 ; elapsed = 00:00:15 . Memory (MB): peak = 1600.203 ; gain = 91.449

Phase 7 Route finalize

Router Utilization Summary
  Global Vertical Routing Utilization    = 0.0394642 %
  Global Horizontal Routing Utilization  = 0.0393024 %
  Routable Net Status*
  *Does not include unroutable nets such as driverless and loadless.
  Run report_route_status for detailed report.
  Number of Failed Nets               = 0
    (Failed Nets is the sum of unrouted and partially routed nets)
  Number of Unrouted Nets             = 0
  Number of Partially Routed Nets     = 0
  Number of Node Overlaps             = 0

Phase 7 Route finalize | Checksum: a0cea28e

Time (s): cpu = 00:00:17 ; elapsed = 00:00:15 . Memory (MB): peak = 1600.203 ; gain = 91.449

Phase 8 Verifying routed nets

 Verification completed successfully
Phase 8 Verifying routed nets | Checksum: a0cea28e

Time (s): cpu = 00:00:17 ; elapsed = 00:00:15 . Memory (MB): peak = 1600.887 ; gain = 92.133

Phase 9 Depositing Routes
Phase 9 Depositing Routes | Checksum: 12ec1441a

Time (s): cpu = 00:00:17 ; elapsed = 00:00:15 . Memory (MB): peak = 1600.887 ; gain = 92.133

Phase 10 Post Router Timing
INFO: [Route 35-57] Estimated Timing Summary | WNS=3.955  | TNS=0.000  | WHS=0.192  | THS=0.000  |

INFO: [Route 35-327] The final timing numbers are based on the router estimated timing analysis. For a complete and accurate timing signoff, please run report_timing_summary.
Phase 10 Post Router Timing | Checksum: 12ec1441a

Time (s): cpu = 00:00:17 ; elapsed = 00:00:15 . Memory (MB): peak = 1600.887 ; gain = 92.133
INFO: [Route 35-16] Router Completed Successfully

Time (s): cpu = 00:00:17 ; elapsed = 00:00:15 . Memory (MB): peak = 1600.887 ; gain = 92.133

Routing Is Done.
INFO: [Common 17-83] Releasing license: Implementation
84 Infos, 0 Warnings, 0 Critical Warnings and 0 Errors encountered.
route_design completed successfully
route_design: Time (s): cpu = 00:00:19 ; elapsed = 00:00:16 . Memory (MB): peak = 1600.887 ; gain = 103.145
INFO: [Timing 38-480] Writing timing data to binary archive.
Writing placer database...
Writing XDEF routing.
Writing XDEF routing logical nets.
Writing XDEF routing special nets.
Write XDEF Complete: Time (s): cpu = 00:00:01 ; elapsed = 00:00:00.042 . Memory (MB): peak = 1610.695 ; gain = 9.809
INFO: [Common 17-1381] The checkpoint 'C:/Users/fbadi/OneDrive/Documents/taller_digital/lab5-grupo_04_2021_s2_lab5/Pruebas/contador/prueba_contador/prueba_contador.runs/impl_1/TopContador_routed.dcp' has been generated.
INFO: [runtcl-4] Executing : report_drc -file TopContador_drc_routed.rpt -pb TopContador_drc_routed.pb -rpx TopContador_drc_routed.rpx
Command: report_drc -file TopContador_drc_routed.rpt -pb TopContador_drc_routed.pb -rpx TopContador_drc_routed.rpx
INFO: [IP_Flow 19-1839] IP Catalog is up to date.
INFO: [DRC 23-27] Running DRC with 2 threads
INFO: [Coretcl 2-168] The results of DRC are in file C:/Users/fbadi/OneDrive/Documents/taller_digital/lab5-grupo_04_2021_s2_lab5/Pruebas/contador/prueba_contador/prueba_contador.runs/impl_1/TopContador_drc_routed.rpt.
report_drc completed successfully
INFO: [runtcl-4] Executing : report_methodology -file TopContador_methodology_drc_routed.rpt -pb TopContador_methodology_drc_routed.pb -rpx TopContador_methodology_drc_routed.rpx
Command: report_methodology -file TopContador_methodology_drc_routed.rpt -pb TopContador_methodology_drc_routed.pb -rpx TopContador_methodology_drc_routed.rpx
INFO: [Timing 38-35] Done setting XDC timing constraints.
INFO: [DRC 23-133] Running Methodology with 2 threads
INFO: [Coretcl 2-1520] The results of Report Methodology are in file C:/Users/fbadi/OneDrive/Documents/taller_digital/lab5-grupo_04_2021_s2_lab5/Pruebas/contador/prueba_contador/prueba_contador.runs/impl_1/TopContador_methodology_drc_routed.rpt.
report_methodology completed successfully
INFO: [runtcl-4] Executing : report_power -file TopContador_power_routed.rpt -pb TopContador_power_summary_routed.pb -rpx TopContador_power_routed.rpx
Command: report_power -file TopContador_power_routed.rpt -pb TopContador_power_summary_routed.pb -rpx TopContador_power_routed.rpx
INFO: [Timing 38-35] Done setting XDC timing constraints.
Running Vector-less Activity Propagation...

Finished Running Vector-less Activity Propagation
96 Infos, 0 Warnings, 0 Critical Warnings and 0 Errors encountered.
report_power completed successfully
INFO: [runtcl-4] Executing : report_route_status -file TopContador_route_status.rpt -pb TopContador_route_status.pb
INFO: [runtcl-4] Executing : report_timing_summary -max_paths 10 -file TopContador_timing_summary_routed.rpt -pb TopContador_timing_summary_routed.pb -rpx TopContador_timing_summary_routed.rpx -warn_on_violation 
INFO: [Timing 38-91] UpdateTimingParams: Speed grade: -1, Delay Type: min_max.
INFO: [Timing 38-191] Multithreading enabled for timing update using a maximum of 2 CPUs
INFO: [runtcl-4] Executing : report_incremental_reuse -file TopContador_incremental_reuse_routed.rpt
INFO: [Vivado_Tcl 4-1062] Incremental flow is disabled. No incremental reuse Info to report.
INFO: [runtcl-4] Executing : report_clock_utilization -file TopContador_clock_utilization_routed.rpt
INFO: [runtcl-4] Executing : report_bus_skew -warn_on_violation -file TopContador_bus_skew_routed.rpt -pb TopContador_bus_skew_routed.pb -rpx TopContador_bus_skew_routed.rpx
INFO: [Timing 38-91] UpdateTimingParams: Speed grade: -1, Delay Type: min_max.
INFO: [Timing 38-191] Multithreading enabled for timing update using a maximum of 2 CPUs
Command: write_bitstream -force TopContador.bit
Attempting to get a license for feature 'Implementation' and/or device 'xc7a35t'
INFO: [Common 17-349] Got license for feature 'Implementation' and/or device 'xc7a35t'
Running DRC as a precondition to command write_bitstream
INFO: [IP_Flow 19-1839] IP Catalog is up to date.
INFO: [DRC 23-27] Running DRC with 2 threads
INFO: [Vivado 12-3199] DRC finished with 0 Errors
INFO: [Vivado 12-3200] Please refer to the DRC report (report_drc) for more information.
INFO: [Designutils 20-2272] Running write_bitstream with 2 threads.
Loading data files...
Loading site data...
Loading route data...
Processing options...
Creating bitmap...
Creating bitstream...
Writing bitstream ./TopContador.bit...
INFO: [Vivado 12-1842] Bitgen Completed Successfully.
INFO: [Project 1-120] WebTalk data collection is mandatory when using a WebPACK part without a full Vivado license. To see the specific WebTalk data collected for your design, open the usage_statistics_webtalk.html or usage_statistics_webtalk.xml file in the implementation directory.
INFO: [Common 17-186] 'C:/Users/fbadi/OneDrive/Documents/taller_digital/lab5-grupo_04_2021_s2_lab5/Pruebas/contador/prueba_contador/prueba_contador.runs/impl_1/usage_statistics_webtalk.xml' has been successfully sent to Xilinx on Thu Nov 18 20:03:53 2021. For additional details about this file, please refer to the WebTalk help file at C:/Xilinx/Vivado/2020.2/doc/webtalk_introduction.html.
INFO: [Common 17-83] Releasing license: Implementation
13 Infos, 0 Warnings, 0 Critical Warnings and 0 Errors encountered.
write_bitstream completed successfully
write_bitstream: Time (s): cpu = 00:00:10 ; elapsed = 00:00:16 . Memory (MB): peak = 2077.449 ; gain = 433.711
INFO: [Common 17-206] Exiting Vivado at Thu Nov 18 20:03:53 2021...
