Copyright 1986-2020 Xilinx, Inc. All Rights Reserved.
--------------------------------------------------------------------------------------------------------------------------------------------------------
| Tool Version : Vivado v.2020.2 (win64) Build 3064766 Wed Nov 18 09:12:45 MST 2020
| Date         : Thu Nov 18 14:30:48 2021
| Host         : LAPTOP-BFI2BQC3 running 64-bit major release  (build 9200)
| Command      : report_methodology -file TopRAM_methodology_drc_routed.rpt -pb TopRAM_methodology_drc_routed.pb -rpx TopRAM_methodology_drc_routed.rpx
| Design       : TopRAM
| Device       : xc7a35tcpg236-1
| Speed File   : -1
| Design State : Fully Routed
--------------------------------------------------------------------------------------------------------------------------------------------------------

Report Methodology

Table of Contents
-----------------
1. REPORT SUMMARY
2. REPORT DETAILS

1. REPORT SUMMARY
-----------------
            Netlist: netlist
          Floorplan: design_1
      Design limits: <entire design considered>
             Max violations: <unlimited>
             Violations found: 17
+-----------+------------------+-------------------------------+------------+
| Rule      | Severity         | Description                   | Violations |
+-----------+------------------+-------------------------------+------------+
| TIMING-17 | Critical Warning | Non-clocked sequential cell   | 16         |
| TIMING-18 | Warning          | Missing input or output delay | 1          |
+-----------+------------------+-------------------------------+------------+

2. REPORT DETAILS
-----------------
TIMING-17#1 Critical Warning
Non-clocked sequential cell  
The clock pin RAM/xpm_memory_spram_inst/xpm_memory_base_inst/gen_wr_a.gen_word_narrow.mem_reg_0_63_0_0/SP/CLK is not reached by a timing clock
Related violations: <none>

TIMING-17#2 Critical Warning
Non-clocked sequential cell  
The clock pin RAM/xpm_memory_spram_inst/xpm_memory_base_inst/gen_wr_a.gen_word_narrow.mem_reg_0_63_10_10/SP/CLK is not reached by a timing clock
Related violations: <none>

TIMING-17#3 Critical Warning
Non-clocked sequential cell  
The clock pin RAM/xpm_memory_spram_inst/xpm_memory_base_inst/gen_wr_a.gen_word_narrow.mem_reg_0_63_11_11/SP/CLK is not reached by a timing clock
Related violations: <none>

TIMING-17#4 Critical Warning
Non-clocked sequential cell  
The clock pin RAM/xpm_memory_spram_inst/xpm_memory_base_inst/gen_wr_a.gen_word_narrow.mem_reg_0_63_12_12/SP/CLK is not reached by a timing clock
Related violations: <none>

TIMING-17#5 Critical Warning
Non-clocked sequential cell  
The clock pin RAM/xpm_memory_spram_inst/xpm_memory_base_inst/gen_wr_a.gen_word_narrow.mem_reg_0_63_13_13/SP/CLK is not reached by a timing clock
Related violations: <none>

TIMING-17#6 Critical Warning
Non-clocked sequential cell  
The clock pin RAM/xpm_memory_spram_inst/xpm_memory_base_inst/gen_wr_a.gen_word_narrow.mem_reg_0_63_14_14/SP/CLK is not reached by a timing clock
Related violations: <none>

TIMING-17#7 Critical Warning
Non-clocked sequential cell  
The clock pin RAM/xpm_memory_spram_inst/xpm_memory_base_inst/gen_wr_a.gen_word_narrow.mem_reg_0_63_15_15/SP/CLK is not reached by a timing clock
Related violations: <none>

TIMING-17#8 Critical Warning
Non-clocked sequential cell  
The clock pin RAM/xpm_memory_spram_inst/xpm_memory_base_inst/gen_wr_a.gen_word_narrow.mem_reg_0_63_1_1/SP/CLK is not reached by a timing clock
Related violations: <none>

TIMING-17#9 Critical Warning
Non-clocked sequential cell  
The clock pin RAM/xpm_memory_spram_inst/xpm_memory_base_inst/gen_wr_a.gen_word_narrow.mem_reg_0_63_2_2/SP/CLK is not reached by a timing clock
Related violations: <none>

TIMING-17#10 Critical Warning
Non-clocked sequential cell  
The clock pin RAM/xpm_memory_spram_inst/xpm_memory_base_inst/gen_wr_a.gen_word_narrow.mem_reg_0_63_3_3/SP/CLK is not reached by a timing clock
Related violations: <none>

TIMING-17#11 Critical Warning
Non-clocked sequential cell  
The clock pin RAM/xpm_memory_spram_inst/xpm_memory_base_inst/gen_wr_a.gen_word_narrow.mem_reg_0_63_4_4/SP/CLK is not reached by a timing clock
Related violations: <none>

TIMING-17#12 Critical Warning
Non-clocked sequential cell  
The clock pin RAM/xpm_memory_spram_inst/xpm_memory_base_inst/gen_wr_a.gen_word_narrow.mem_reg_0_63_5_5/SP/CLK is not reached by a timing clock
Related violations: <none>

TIMING-17#13 Critical Warning
Non-clocked sequential cell  
The clock pin RAM/xpm_memory_spram_inst/xpm_memory_base_inst/gen_wr_a.gen_word_narrow.mem_reg_0_63_6_6/SP/CLK is not reached by a timing clock
Related violations: <none>

TIMING-17#14 Critical Warning
Non-clocked sequential cell  
The clock pin RAM/xpm_memory_spram_inst/xpm_memory_base_inst/gen_wr_a.gen_word_narrow.mem_reg_0_63_7_7/SP/CLK is not reached by a timing clock
Related violations: <none>

TIMING-17#15 Critical Warning
Non-clocked sequential cell  
The clock pin RAM/xpm_memory_spram_inst/xpm_memory_base_inst/gen_wr_a.gen_word_narrow.mem_reg_0_63_8_8/SP/CLK is not reached by a timing clock
Related violations: <none>

TIMING-17#16 Critical Warning
Non-clocked sequential cell  
The clock pin RAM/xpm_memory_spram_inst/xpm_memory_base_inst/gen_wr_a.gen_word_narrow.mem_reg_0_63_9_9/SP/CLK is not reached by a timing clock
Related violations: <none>

TIMING-18#1 Warning
Missing input or output delay  
An input delay is missing on btnC relative to clock(s) sys_clk_pin
Related violations: <none>


